\BOOKMARK [1][-]{section.1}{Problem izomorfizmu graf\363w}{}% 1
\BOOKMARK [1][-]{section.2}{Metoda powrot\363w}{}% 2
\BOOKMARK [2][-]{subsection.2.1}{Opis algorytmu}{section.2}% 3
\BOOKMARK [2][-]{subsection.2.2}{Zalozenia algorytmu}{section.2}% 4
\BOOKMARK [2][-]{subsection.2.3}{Kroki algorytmu}{section.2}% 5
\BOOKMARK [2][-]{subsection.2.4}{Modyfikacja metody powrot\363w}{section.2}% 6
\BOOKMARK [3][-]{subsubsection.2.4.1}{Numerowanie wierzcholk\363w}{subsection.2.4}% 7
\BOOKMARK [3][-]{subsubsection.2.4.2}{Stopien wierzcholka}{subsection.2.4}% 8
\BOOKMARK [3][-]{subsubsection.2.4.3}{Warunki poczatkowe}{subsection.2.4}% 9
\BOOKMARK [2][-]{subsection.2.5}{Poprawnosc algorytmu}{section.2}% 10
\BOOKMARK [2][-]{subsection.2.6}{Zlozonosc algorytmu}{section.2}% 11
\BOOKMARK [1][-]{section.3}{Zalozenia implementacyjne}{}% 12
\BOOKMARK [1][-]{section.4}{Testy}{}% 13
\BOOKMARK [2][-]{subsection.4.1}{Testy poprawnosciowe}{section.4}% 14
\BOOKMARK [2][-]{subsection.4.2}{Testy wydajnosciowe}{section.4}% 15
\BOOKMARK [1][-]{section.5}{Program Izomorf}{}% 16
\BOOKMARK [2][-]{subsection.5.1}{Kod}{section.5}% 17
\BOOKMARK [3][-]{subsubsection.5.1.1}{Klasa Vertex}{subsection.5.1}% 18
\BOOKMARK [3][-]{subsubsection.5.1.2}{Klasa Graph}{subsection.5.1}% 19
\BOOKMARK [3][-]{subsubsection.5.1.3}{Klasa IsomorphismAlgo}{subsection.5.1}% 20
\BOOKMARK [2][-]{subsection.5.2}{Instrukcja obslugi}{section.5}% 21
\BOOKMARK [1][-]{section.6}{Wyniki test\363w}{}% 22
\BOOKMARK [2][-]{subsection.6.1}{Wyniki test\363w poprawnosciowych}{section.6}% 23
\BOOKMARK [2][-]{subsection.6.2}{Wyniki test\363w wydajnosciowych}{section.6}% 24
\BOOKMARK [1][-]{section.7}{Wnioski}{}% 25
